[2026-04-06 12:27:55] [1;33m开始验证...[0m
[2026-04-06 12:27:55] 检查项目文件...
[2026-04-06 12:27:55] 检查 Markdown 文件格式...
[2026-04-06 12:27:55] 检查 tags.json 格式...
[2026-04-06 12:27:55] 检查飞书配置...
[2026-04-06 12:27:55] [0;32m✅ 验证通过！[0m
[2026-04-09 18:21:23] [1;33m=== 开始完整工作流 ===[0m
[2026-04-09 18:21:23] [1;33m开始验证...[0m
[2026-04-09 18:21:23] 检查项目文件...
[2026-04-09 18:21:23] 检查 Markdown 文件格式...
[2026-04-09 18:21:23] 检查 tags.json 格式...
[2026-04-09 18:21:23] 检查飞书配置...
[2026-04-09 18:21:23] [0;32m✅ 验证通过！[0m
[2026-04-09 18:21:23] [1;33m开始同步到飞书...[0m
[2026-04-09 18:21:23] [0;32m✅ 同步完成！时间: 2026-04-09 18:21:23[0m
[2026-04-09 18:21:23] [1;33m验证飞书文档...[0m
[2026-04-09 18:21:23] 验证 work.md 同步结果...
[2026-04-09 18:21:23] [0;32m✅ work.md 验证通过[0m
[2026-04-09 18:21:23] 验证 personal.md 同步结果...
[2026-04-09 18:21:23] [0;32m✅ personal.md 验证通过[0m
[2026-04-09 18:21:23] [0;32m=== 工作流完成 ===[0m
